2024-10-04 03:16:43,853 [INFO] Gpio:277 - dependency for GPIO [ADC1, ADC2, USART2]
2024-10-04 03:16:43,956 [INFO] NvicIntPanel:101 - NVIC parent = com.st.microxplorer.plugins.ip.nvic.MultiNvicIntPanel[,0,0,0x0,invalid,layout=javax.swing.BoxLayout,alignmentX=0.0,alignmentY=0.0,border=,flags=9,maximumSize=,minimumSize=,preferredSize=]
2024-10-04 03:16:47,200 [INFO] Gpio:277 - dependency for GPIO [ADC1, ADC2, USART2]
2024-10-04 03:16:47,263 [INFO] NvicIntPanel:101 - NVIC parent = com.st.microxplorer.plugins.ip.nvic.MultiNvicIntPanel[,0,0,0x0,invalid,layout=javax.swing.BoxLayout,alignmentX=0.0,alignmentY=0.0,border=,flags=9,maximumSize=,minimumSize=,preferredSize=]
2024-10-04 03:16:49,886 [INFO] Gpio:277 - dependency for GPIO [ADC1, ADC2, USART2]
2024-10-04 03:16:49,932 [INFO] NvicIntPanel:101 - NVIC parent = com.st.microxplorer.plugins.ip.nvic.MultiNvicIntPanel[,0,0,0x0,invalid,layout=javax.swing.BoxLayout,alignmentX=0.0,alignmentY=0.0,border=,flags=9,maximumSize=,minimumSize=,preferredSize=]
2024-10-04 03:18:22,649 [INFO] Gpio:277 - dependency for GPIO [ADC1, ADC2, USART2]
2024-10-04 03:18:22,722 [INFO] NvicIntPanel:101 - NVIC parent = com.st.microxplorer.plugins.ip.nvic.MultiNvicIntPanel[,0,0,0x0,invalid,layout=javax.swing.BoxLayout,alignmentX=0.0,alignmentY=0.0,border=,flags=9,maximumSize=,minimumSize=,preferredSize=]
2024-10-04 03:18:29,184 [INFO] Gpio:277 - dependency for GPIO [ADC1, ADC2, USART2]
2024-10-04 03:18:29,224 [INFO] NvicIntPanel:101 - NVIC parent = com.st.microxplorer.plugins.ip.nvic.MultiNvicIntPanel[,0,0,0x0,invalid,layout=javax.swing.BoxLayout,alignmentX=0.0,alignmentY=0.0,border=,flags=9,maximumSize=,minimumSize=,preferredSize=]
2024-10-04 03:18:30,873 [INFO] Gpio:277 - dependency for GPIO [ADC1, ADC2, USART2]
2024-10-04 03:18:30,930 [INFO] NvicIntPanel:101 - NVIC parent = com.st.microxplorer.plugins.ip.nvic.MultiNvicIntPanel[,0,0,0x0,invalid,layout=javax.swing.BoxLayout,alignmentX=0.0,alignmentY=0.0,border=,flags=9,maximumSize=,minimumSize=,preferredSize=]
2024-10-04 03:18:31,478 [INFO] Gpio:277 - dependency for GPIO [ADC1, ADC2, USART2]
2024-10-04 03:18:31,531 [INFO] NvicIntPanel:101 - NVIC parent = com.st.microxplorer.plugins.ip.nvic.MultiNvicIntPanel[,0,0,0x0,invalid,layout=javax.swing.BoxLayout,alignmentX=0.0,alignmentY=0.0,border=,flags=9,maximumSize=,minimumSize=,preferredSize=]
2024-10-04 03:29:54,930 [INFO] UtilMem:75 - End SaveConfig() Used Memory: 957404408 Bytes (1073741824)
2024-10-04 03:34:20,130 [INFO] Gpio:277 - dependency for GPIO [ADC1, ADC2, USART2]
2024-10-04 03:34:20,177 [INFO] NvicIntPanel:101 - NVIC parent = com.st.microxplorer.plugins.ip.nvic.MultiNvicIntPanel[,0,0,0x0,invalid,layout=javax.swing.BoxLayout,alignmentX=0.0,alignmentY=0.0,border=,flags=9,maximumSize=,minimumSize=,preferredSize=]
2024-10-04 03:34:23,833 [INFO] Gpio:277 - dependency for GPIO [ADC1, ADC2, USART2]
2024-10-04 03:34:23,874 [INFO] NvicIntPanel:101 - NVIC parent = com.st.microxplorer.plugins.ip.nvic.MultiNvicIntPanel[,0,0,0x0,invalid,layout=javax.swing.BoxLayout,alignmentX=0.0,alignmentY=0.0,border=,flags=9,maximumSize=,minimumSize=,preferredSize=]
2024-10-04 03:34:29,574 [INFO] UtilMem:75 - End SaveConfig() Used Memory: 764871256 Bytes (1073741824)
2024-10-04 03:34:30,472 [INFO] UtilMem:75 - End SaveConfig() Used Memory: 791085648 Bytes (1073741824)
2024-10-04 03:34:30,814 [INFO] UtilMem:75 - End SaveConfig() Used Memory: 869732896 Bytes (1073741824)
2024-10-04 03:34:31,084 [INFO] BlockDiagram:2766 - set Specific Code input for plugin: ADC
2024-10-04 03:34:31,084 [INFO] BlockDiagram:2766 - set Specific Code input for plugin: SYS
2024-10-04 03:34:31,084 [INFO] BlockDiagram:2766 - set Specific Code input for plugin: ADC
2024-10-04 03:34:31,084 [INFO] BlockDiagram:2766 - set Specific Code input for plugin: RCC
2024-10-04 03:34:31,084 [INFO] BlockDiagram:2766 - set Specific Code input for plugin: NVIC
2024-10-04 03:34:31,084 [INFO] BlockDiagram:2766 - set Specific Code input for plugin: USART
2024-10-04 03:34:31,085 [INFO] BlockDiagram:2766 - set Specific Code input for plugin: GPIO
2024-10-04 03:34:31,090 [INFO] CodeGenerator:807 - code generatio: config db path: C:\ST\STM32CubeIDE_1.13.1\STM32CubeIDE\plugins\com.st.stm32cube.common.mx_6.12.0.202406281431\\db\
2024-10-04 03:34:31,261 [INFO] CodeEngine:255 - oldGeneratedFile, C:\Users\MateoAlmeida\Desktop\7mo\CS\ProjectStuff\ProjectADV\ProjectProof\MXTmpFiles\license.tmp_save
2024-10-04 03:34:31,385 [INFO] CodeEngine:279 - Generated code: C:\Users\MateoAlmeida\Desktop\7mo\CS\ProjectStuff\ProjectADV\ProjectProof\MXTmpFiles\license.tmp
2024-10-04 03:34:31,483 [INFO] CodeEngine:255 - oldGeneratedFile, C:\Users\MateoAlmeida\Desktop\7mo\CS\ProjectStuff\ProjectADV\ProjectProof\MXTmpFiles\gpio.tmp_save
2024-10-04 03:34:31,615 [INFO] CodeEngine:279 - Generated code: C:\Users\MateoAlmeida\Desktop\7mo\CS\ProjectStuff\ProjectADV\ProjectProof\MXTmpFiles\gpio.tmp
2024-10-04 03:34:32,232 [INFO] CodeEngine:255 - oldGeneratedFile, C:\Users\MateoAlmeida\Desktop\7mo\CS\ProjectStuff\ProjectADV\ProjectProof\Core\Src\stm32l4xx_it.c_save
2024-10-04 03:34:32,482 [INFO] CodeEngine:279 - Generated code: C:\Users\MateoAlmeida\Desktop\7mo\CS\ProjectStuff\ProjectADV\ProjectProof\Core\Src\stm32l4xx_it.c
2024-10-04 03:34:32,506 [INFO] CodeEngine:255 - oldGeneratedFile, C:\Users\MateoAlmeida\Desktop\7mo\CS\ProjectStuff\ProjectADV\ProjectProof\Core\Inc\stm32l4xx_it.h_save
2024-10-04 03:34:32,592 [INFO] CodeEngine:279 - Generated code: C:\Users\MateoAlmeida\Desktop\7mo\CS\ProjectStuff\ProjectADV\ProjectProof\Core\Inc\stm32l4xx_it.h
2024-10-04 03:34:32,638 [INFO] CodeEngine:255 - oldGeneratedFile, C:\Users\MateoAlmeida\Desktop\7mo\CS\ProjectStuff\ProjectADV\ProjectProof\Core\Src\stm32l4xx_hal_msp.c_save
2024-10-04 03:34:32,785 [INFO] CodeEngine:279 - Generated code: C:\Users\MateoAlmeida\Desktop\7mo\CS\ProjectStuff\ProjectADV\ProjectProof\Core\Src\stm32l4xx_hal_msp.c
2024-10-04 03:34:32,804 [INFO] CodeEngine:255 - oldGeneratedFile, C:\Users\MateoAlmeida\Desktop\7mo\CS\ProjectStuff\ProjectADV\ProjectProof\MXTmpFiles\system.tmp_save
2024-10-04 03:34:32,913 [INFO] CodeEngine:279 - Generated code: C:\Users\MateoAlmeida\Desktop\7mo\CS\ProjectStuff\ProjectADV\ProjectProof\MXTmpFiles\system.tmp
2024-10-04 03:34:32,966 [INFO] CodeEngine:311 - oldGeneratedFile, C:\Users\MateoAlmeida\Desktop\7mo\CS\ProjectStuff\ProjectADV\ProjectProof\Core\Inc\stm32l4xx_hal_conf.h_save
2024-10-04 03:34:33,089 [INFO] CodeEngine:335 - Generated code: C:\Users\MateoAlmeida\Desktop\7mo\CS\ProjectStuff\ProjectADV\ProjectProof\Core\Inc\stm32l4xx_hal_conf.h
2024-10-04 03:34:33,167 [INFO] CodeEngine:255 - oldGeneratedFile, C:\Users\MateoAlmeida\Desktop\7mo\CS\ProjectStuff\ProjectADV\ProjectProof\Core\Inc\main.h_save
2024-10-04 03:34:33,295 [INFO] CodeEngine:279 - Generated code: C:\Users\MateoAlmeida\Desktop\7mo\CS\ProjectStuff\ProjectADV\ProjectProof\Core\Inc\main.h
2024-10-04 03:34:33,323 [INFO] CodeEngine:255 - oldGeneratedFile, C:\Users\MateoAlmeida\Desktop\7mo\CS\ProjectStuff\ProjectADV\ProjectProof\Core\Src\main.c_save
2024-10-04 03:34:33,479 [INFO] CodeEngine:279 - Generated code: C:\Users\MateoAlmeida\Desktop\7mo\CS\ProjectStuff\ProjectADV\ProjectProof\Core\Src\main.c
2024-10-04 03:34:34,136 [INFO] ProjectBuilder:3249 - Time for Copy HAL[1] : 403mS.
2024-10-04 03:34:34,144 [INFO] ProjectBuilder:4828 - Project Generator version: 4.4.0-B60
2024-10-04 03:34:34,328 [INFO] ConfigFileManager:1531 - The Die is : DIE415
2024-10-04 03:34:37,032 [INFO] ProjectBuilder:5097 - Time for Generating toolchain IDE Files: 2888mS.
2024-10-04 03:34:37,034 [INFO] ProjectBuilder:3107 - Time for Copy CMSIS : 1mS.
2024-10-04 03:34:37,041 [INFO] ProjectBuilder:3107 - Time for Copy CMSIS : 0mS.
2024-10-04 10:02:45,422 [INFO] Gpio:277 - dependency for GPIO [ADC1, ADC2, USART2]
2024-10-04 10:02:45,495 [INFO] NvicIntPanel:101 - NVIC parent = com.st.microxplorer.plugins.ip.nvic.MultiNvicIntPanel[,0,0,0x0,invalid,layout=javax.swing.BoxLayout,alignmentX=0.0,alignmentY=0.0,border=,flags=9,maximumSize=,minimumSize=,preferredSize=]
2024-10-04 10:02:49,263 [INFO] Gpio:277 - dependency for GPIO [ADC1, ADC2, USART2]
2024-10-04 10:02:49,310 [INFO] NvicIntPanel:101 - NVIC parent = com.st.microxplorer.plugins.ip.nvic.MultiNvicIntPanel[,0,0,0x0,invalid,layout=javax.swing.BoxLayout,alignmentX=0.0,alignmentY=0.0,border=,flags=9,maximumSize=,minimumSize=,preferredSize=]
2024-10-04 10:02:53,884 [INFO] Gpio:277 - dependency for GPIO [ADC1, ADC2, USART2]
2024-10-04 10:02:53,941 [INFO] NvicIntPanel:101 - NVIC parent = com.st.microxplorer.plugins.ip.nvic.MultiNvicIntPanel[,0,0,0x0,invalid,layout=javax.swing.BoxLayout,alignmentX=0.0,alignmentY=0.0,border=,flags=9,maximumSize=,minimumSize=,preferredSize=]
2024-10-04 10:15:50,822 [INFO] UtilMem:75 - End SaveConfig() Used Memory: 793582288 Bytes (1073741824)
2024-10-04 10:15:52,479 [INFO] UtilMem:75 - End SaveConfig() Used Memory: 818491944 Bytes (1073741824)
2024-10-04 10:15:53,232 [INFO] UtilMem:75 - End SaveConfig() Used Memory: 895560232 Bytes (1073741824)
2024-10-04 10:15:54,153 [INFO] BlockDiagram:2766 - set Specific Code input for plugin: ADC
2024-10-04 10:15:54,154 [INFO] BlockDiagram:2766 - set Specific Code input for plugin: SYS
2024-10-04 10:15:54,154 [INFO] BlockDiagram:2766 - set Specific Code input for plugin: ADC
2024-10-04 10:15:54,154 [INFO] BlockDiagram:2766 - set Specific Code input for plugin: RCC
2024-10-04 10:15:54,154 [INFO] BlockDiagram:2766 - set Specific Code input for plugin: NVIC
2024-10-04 10:15:54,154 [INFO] BlockDiagram:2766 - set Specific Code input for plugin: USART
2024-10-04 10:15:54,158 [INFO] BlockDiagram:2766 - set Specific Code input for plugin: GPIO
2024-10-04 10:15:54,164 [INFO] CodeGenerator:807 - code generatio: config db path: C:\ST\STM32CubeIDE_1.13.1\STM32CubeIDE\plugins\com.st.stm32cube.common.mx_6.12.0.202406281431\\db\
2024-10-04 10:15:54,695 [INFO] CodeEngine:255 - oldGeneratedFile, C:\Users\MateoAlmeida\Desktop\7mo\CS\ProjectStuff\ProjectADV\ProjectProof\MXTmpFiles\license.tmp_save
2024-10-04 10:15:55,661 [INFO] CodeEngine:279 - Generated code: C:\Users\MateoAlmeida\Desktop\7mo\CS\ProjectStuff\ProjectADV\ProjectProof\MXTmpFiles\license.tmp
2024-10-04 10:15:56,047 [INFO] CodeEngine:255 - oldGeneratedFile, C:\Users\MateoAlmeida\Desktop\7mo\CS\ProjectStuff\ProjectADV\ProjectProof\MXTmpFiles\gpio.tmp_save
2024-10-04 10:15:56,800 [INFO] CodeEngine:279 - Generated code: C:\Users\MateoAlmeida\Desktop\7mo\CS\ProjectStuff\ProjectADV\ProjectProof\MXTmpFiles\gpio.tmp
2024-10-04 10:15:58,280 [INFO] CodeEngine:255 - oldGeneratedFile, C:\Users\MateoAlmeida\Desktop\7mo\CS\ProjectStuff\ProjectADV\ProjectProof\Core\Src\stm32l4xx_it.c_save
2024-10-04 10:15:58,849 [INFO] CodeEngine:279 - Generated code: C:\Users\MateoAlmeida\Desktop\7mo\CS\ProjectStuff\ProjectADV\ProjectProof\Core\Src\stm32l4xx_it.c
2024-10-04 10:15:58,889 [INFO] CodeEngine:255 - oldGeneratedFile, C:\Users\MateoAlmeida\Desktop\7mo\CS\ProjectStuff\ProjectADV\ProjectProof\Core\Inc\stm32l4xx_it.h_save
2024-10-04 10:15:59,055 [INFO] CodeEngine:279 - Generated code: C:\Users\MateoAlmeida\Desktop\7mo\CS\ProjectStuff\ProjectADV\ProjectProof\Core\Inc\stm32l4xx_it.h
2024-10-04 10:15:59,170 [INFO] CodeEngine:255 - oldGeneratedFile, C:\Users\MateoAlmeida\Desktop\7mo\CS\ProjectStuff\ProjectADV\ProjectProof\Core\Src\stm32l4xx_hal_msp.c_save
2024-10-04 10:15:59,495 [INFO] CodeEngine:279 - Generated code: C:\Users\MateoAlmeida\Desktop\7mo\CS\ProjectStuff\ProjectADV\ProjectProof\Core\Src\stm32l4xx_hal_msp.c
2024-10-04 10:15:59,512 [INFO] CodeEngine:255 - oldGeneratedFile, C:\Users\MateoAlmeida\Desktop\7mo\CS\ProjectStuff\ProjectADV\ProjectProof\MXTmpFiles\system.tmp_save
2024-10-04 10:15:59,745 [INFO] CodeEngine:279 - Generated code: C:\Users\MateoAlmeida\Desktop\7mo\CS\ProjectStuff\ProjectADV\ProjectProof\MXTmpFiles\system.tmp
2024-10-04 10:15:59,828 [INFO] CodeEngine:311 - oldGeneratedFile, C:\Users\MateoAlmeida\Desktop\7mo\CS\ProjectStuff\ProjectADV\ProjectProof\Core\Inc\stm32l4xx_hal_conf.h_save
2024-10-04 10:16:00,223 [INFO] CodeEngine:335 - Generated code: C:\Users\MateoAlmeida\Desktop\7mo\CS\ProjectStuff\ProjectADV\ProjectProof\Core\Inc\stm32l4xx_hal_conf.h
2024-10-04 10:16:00,409 [INFO] CodeEngine:255 - oldGeneratedFile, C:\Users\MateoAlmeida\Desktop\7mo\CS\ProjectStuff\ProjectADV\ProjectProof\Core\Inc\main.h_save
2024-10-04 10:16:00,653 [INFO] CodeEngine:279 - Generated code: C:\Users\MateoAlmeida\Desktop\7mo\CS\ProjectStuff\ProjectADV\ProjectProof\Core\Inc\main.h
2024-10-04 10:16:00,698 [INFO] CodeEngine:255 - oldGeneratedFile, C:\Users\MateoAlmeida\Desktop\7mo\CS\ProjectStuff\ProjectADV\ProjectProof\Core\Src\main.c_save
2024-10-04 10:16:01,102 [INFO] CodeEngine:279 - Generated code: C:\Users\MateoAlmeida\Desktop\7mo\CS\ProjectStuff\ProjectADV\ProjectProof\Core\Src\main.c
2024-10-04 10:16:03,284 [INFO] ProjectBuilder:3249 - Time for Copy HAL[1] : 1402mS.
2024-10-04 10:16:03,316 [INFO] ProjectBuilder:4828 - Project Generator version: 4.4.0-B60
2024-10-04 10:16:03,541 [INFO] ConfigFileManager:1531 - The Die is : DIE415
2024-10-04 10:16:06,786 [INFO] ProjectBuilder:5097 - Time for Generating toolchain IDE Files: 3469mS.
2024-10-04 10:16:06,787 [INFO] ProjectBuilder:3107 - Time for Copy CMSIS : 0mS.
2024-10-04 10:16:06,798 [INFO] ProjectBuilder:3107 - Time for Copy CMSIS : 0mS.
2024-10-04 10:32:18,094 [INFO] MainUpdater:2873 - connection check result : 10
2024-10-04 10:32:18,556 [INFO] McuFinderGlobals:76 - Set McuFinderConnectedMode to true
2024-10-04 10:32:18,570 [INFO] MultiScanPanel:200 - Auto-refresh data requested => check proxy status ongoing
2024-10-04 10:32:18,576 [INFO] FinderPluginLoader:95 - Searching for filters in installed packs
2024-10-04 10:32:21,008 [INFO] LoadUrlFilesThread:185 - End of LoadServerUrlFiles without Thread
2024-10-04 10:32:21,009 [INFO] DetailPanel:341 - Set advertising image to C:/Users/MateoAlmeida/STM32Cube/Repository/\en.prom-stm32c071-usb-memories-mcu-finder.png
2024-10-04 10:32:33,985 [INFO] MultiScanPanel:200 - Auto-refresh data requested => check proxy status ongoing
2024-10-04 10:32:34,264 [INFO] LoadUrlFilesThread:185 - End of LoadServerUrlFiles without Thread
2024-10-04 10:32:34,266 [INFO] DetailPanel:341 - Set advertising image to C:/Users/MateoAlmeida/STM32Cube/Repository/\en.prom-stm32c071-usb-memories-mcu-finder.png
2024-10-04 10:32:36,834 [INFO] ApiDb:581 - Connected to CubeFinder SQLite database (C:\Users\MateoAlmeida\.stmcufinder\plugins\mcufinder\mcu\cube-finder-db.db)
2024-10-04 10:32:43,246 [INFO] McuFinderGlobals:76 - Set McuFinderConnectedMode to true
2024-10-04 10:32:43,278 [INFO] ApiDb:448 - Save user favorites file C:\Users\MateoAlmeida/.stm32cubeide/favorites.mcus.txt: 1 item(s)
2024-10-04 10:32:43,278 [INFO] ApiDb:452 - User favorites MCUs=[STM32L476RGT3]
2024-10-04 10:32:43,283 [INFO] ApiDb:448 - Save user favorites file C:\Users\MateoAlmeida/.stm32cubeide/favorites.boards.txt: 1 item(s)
2024-10-04 10:32:43,283 [INFO] ApiDb:452 - User favorites Boards=[NUCLEO-L476RG]
